<?xml version="1.0" encoding="UTF-8"?>
<testng-results skipped="0" failed="0" total="1" passed="1">
  <reporter-output>
  </reporter-output>
  <suite name="Default suite" duration-ms="11371" started-at="2019-12-09T09:34:55Z" finished-at="2019-12-09T09:35:06Z">
    <groups>
    </groups>
    <test name="Default test" duration-ms="11371" started-at="2019-12-09T09:34:55Z" finished-at="2019-12-09T09:35:06Z">
      <class name="com.sprint.aiva.api.main.TestDataValidationGeneric2">
        <test-method status="PASS" signature="beforeMethod()[pri:0, instance:com.sprint.aiva.api.main.TestDataValidationGeneric2@1684286]" name="beforeMethod" is-config="true" duration-ms="8" started-at="2019-12-09T15:04:55Z" finished-at="2019-12-09T15:04:55Z">
          <reporter-output>
          </reporter-output>
        </test-method> <!-- beforeMethod -->
        <test-method status="PASS" signature="banAndSubscriber()[pri:1, instance:com.sprint.aiva.api.main.TestDataValidationGeneric2@1684286]" name="banAndSubscriber" duration-ms="11344" started-at="2019-12-09T15:04:55Z" finished-at="2019-12-09T15:05:06Z">
          <reporter-output>
          </reporter-output>
        </test-method> <!-- banAndSubscriber -->
        <test-method status="PASS" signature="afterMethod()[pri:0, instance:com.sprint.aiva.api.main.TestDataValidationGeneric2@1684286]" name="afterMethod" is-config="true" duration-ms="1" started-at="2019-12-09T15:05:06Z" finished-at="2019-12-09T15:05:06Z">
          <reporter-output>
          </reporter-output>
        </test-method> <!-- afterMethod -->
      </class> <!-- com.sprint.aiva.api.main.TestDataValidationGeneric2 -->
    </test> <!-- Default test -->
  </suite> <!-- Default suite -->
</testng-results>
