<?xml version="1.0" encoding="UTF-8"?>
<testng-results skipped="0" failed="0" ignored="0" total="1" passed="1">
  <reporter-output>
  </reporter-output>
  <suite name="Default suite" duration-ms="97760" started-at="2019-01-04T07:59:09Z" finished-at="2019-01-04T08:00:47Z">
    <groups>
    </groups>
    <test name="Default test" duration-ms="97760" started-at="2019-01-04T07:59:09Z" finished-at="2019-01-04T08:00:47Z">
      <class name="sprintaiva.Api_validation">
        <test-method status="PASS" signature="setUp()[pri:0, instance:sprintaiva.Api_validation@e2cbe0]" name="setUp" is-config="true" duration-ms="16" started-at="2019-01-04T13:29:09Z" finished-at="2019-01-04T13:29:09Z">
          <reporter-output>
          </reporter-output>
        </test-method> <!-- setUp -->
        <test-method status="PASS" signature="openSprint1()[pri:0, instance:sprintaiva.Api_validation@e2cbe0]" name="openSprint1" duration-ms="97715" started-at="2019-01-04T13:29:09Z" finished-at="2019-01-04T13:30:47Z">
          <reporter-output>
          </reporter-output>
        </test-method> <!-- openSprint1 -->
      </class> <!-- sprintaiva.Api_validation -->
    </test> <!-- Default test -->
  </suite> <!-- Default suite -->
</testng-results>
